[debug] [2024-03-27T10:02:23.859Z] ----------------------------------------------------------------------
[debug] [2024-03-27T10:02:23.862Z] Command:       C:\Program Files\nodejs\node.exe C:\Users\admin\AppData\Roaming\npm\node_modules\firebase-tools\lib\bin\firebase.js deploy
[debug] [2024-03-27T10:02:23.863Z] CLI Version:   13.5.2
[debug] [2024-03-27T10:02:23.863Z] Platform:      win32
[debug] [2024-03-27T10:02:23.863Z] Node Version:  v20.11.0
[debug] [2024-03-27T10:02:23.863Z] Time:          Wed Mar 27 2024 12:02:23 GMT+0200 (Ora standard a Europei de Est)
[debug] [2024-03-27T10:02:23.863Z] ----------------------------------------------------------------------
[debug] 
[debug] [2024-03-27T10:02:23.979Z] > command requires scopes: ["email","openid","https://www.googleapis.com/auth/cloudplatformprojects.readonly","https://www.googleapis.com/auth/firebase","https://www.googleapis.com/auth/cloud-platform"]
[debug] [2024-03-27T10:02:23.980Z] > authorizing via signed-in user (franciscszasz8@gmail.com)
[debug] [2024-03-27T10:02:23.980Z] [iam] checking project carly-58c95 for permissions ["cloudfunctions.functions.create","cloudfunctions.functions.delete","cloudfunctions.functions.get","cloudfunctions.functions.list","cloudfunctions.functions.update","cloudfunctions.operations.get","firebase.projects.get","firebasehosting.sites.update"]
[debug] [2024-03-27T10:02:23.983Z] >>> [apiv2][query] POST https://cloudresourcemanager.googleapis.com/v1/projects/carly-58c95:testIamPermissions [none]
[debug] [2024-03-27T10:02:23.983Z] >>> [apiv2][(partial)header] POST https://cloudresourcemanager.googleapis.com/v1/projects/carly-58c95:testIamPermissions x-goog-quota-user=projects/carly-58c95
[debug] [2024-03-27T10:02:23.983Z] >>> [apiv2][body] POST https://cloudresourcemanager.googleapis.com/v1/projects/carly-58c95:testIamPermissions {"permissions":["cloudfunctions.functions.create","cloudfunctions.functions.delete","cloudfunctions.functions.get","cloudfunctions.functions.list","cloudfunctions.functions.update","cloudfunctions.operations.get","firebase.projects.get","firebasehosting.sites.update"]}
[debug] [2024-03-27T10:02:24.860Z] <<< [apiv2][status] POST https://cloudresourcemanager.googleapis.com/v1/projects/carly-58c95:testIamPermissions 200
[debug] [2024-03-27T10:02:24.861Z] <<< [apiv2][body] POST https://cloudresourcemanager.googleapis.com/v1/projects/carly-58c95:testIamPermissions {"permissions":["cloudfunctions.functions.create","cloudfunctions.functions.delete","cloudfunctions.functions.get","cloudfunctions.functions.list","cloudfunctions.functions.update","cloudfunctions.operations.get","firebase.projects.get","firebasehosting.sites.update"]}
[debug] [2024-03-27T10:02:24.861Z] >>> [apiv2][query] POST https://iam.googleapis.com/v1/projects/carly-58c95/serviceAccounts/carly-58c95@appspot.gserviceaccount.com:testIamPermissions [none]
[debug] [2024-03-27T10:02:24.861Z] >>> [apiv2][body] POST https://iam.googleapis.com/v1/projects/carly-58c95/serviceAccounts/carly-58c95@appspot.gserviceaccount.com:testIamPermissions {"permissions":["iam.serviceAccounts.actAs"]}
[debug] [2024-03-27T10:02:25.681Z] <<< [apiv2][status] POST https://iam.googleapis.com/v1/projects/carly-58c95/serviceAccounts/carly-58c95@appspot.gserviceaccount.com:testIamPermissions 200
[debug] [2024-03-27T10:02:25.681Z] <<< [apiv2][body] POST https://iam.googleapis.com/v1/projects/carly-58c95/serviceAccounts/carly-58c95@appspot.gserviceaccount.com:testIamPermissions {"permissions":["iam.serviceAccounts.actAs"]}
[debug] [2024-03-27T10:02:25.682Z] >>> [apiv2][query] GET https://firebase.googleapis.com/v1beta1/projects/carly-58c95 [none]
[debug] [2024-03-27T10:02:26.058Z] <<< [apiv2][status] GET https://firebase.googleapis.com/v1beta1/projects/carly-58c95 200
[debug] [2024-03-27T10:02:26.059Z] <<< [apiv2][body] GET https://firebase.googleapis.com/v1beta1/projects/carly-58c95 {"projectId":"carly-58c95","projectNumber":"811853117687","displayName":"Carly","name":"projects/carly-58c95","resources":{"hostingSite":"carly-58c95","realtimeDatabaseInstance":"carly-58c95-default-rtdb"},"state":"ACTIVE","etag":"1_bf931656-356a-4d8d-b29b-a1553e7f8e5c"}
[info] 
[info] === Deploying to 'carly-58c95'...
[info] 
[info] i  deploying functions, hosting 
[info] Running command: npm --prefix "$RESOURCE_DIR" run lint
[info] +  functions: Finished running predeploy script. 
[debug] [2024-03-27T10:02:28.386Z] >>> [apiv2][query] GET https://firebase.googleapis.com/v1beta1/projects/carly-58c95 [none]
[debug] [2024-03-27T10:02:28.798Z] <<< [apiv2][status] GET https://firebase.googleapis.com/v1beta1/projects/carly-58c95 200
[debug] [2024-03-27T10:02:28.798Z] <<< [apiv2][body] GET https://firebase.googleapis.com/v1beta1/projects/carly-58c95 {"projectId":"carly-58c95","projectNumber":"811853117687","displayName":"Carly","name":"projects/carly-58c95","resources":{"hostingSite":"carly-58c95","realtimeDatabaseInstance":"carly-58c95-default-rtdb"},"state":"ACTIVE","etag":"1_bf931656-356a-4d8d-b29b-a1553e7f8e5c"}
[info] i  functions: preparing codebase default for deployment 
[info] i  functions: ensuring required API cloudfunctions.googleapis.com is enabled... 
[info] i  functions: ensuring required API cloudbuild.googleapis.com is enabled... 
[info] i  artifactregistry: ensuring required API artifactregistry.googleapis.com is enabled... 
[debug] [2024-03-27T10:02:28.802Z] >>> [apiv2][query] GET https://serviceusage.googleapis.com/v1/projects/carly-58c95/services/cloudfunctions.googleapis.com [none]
[debug] [2024-03-27T10:02:28.802Z] >>> [apiv2][(partial)header] GET https://serviceusage.googleapis.com/v1/projects/carly-58c95/services/cloudfunctions.googleapis.com x-goog-quota-user=projects/carly-58c95
[debug] [2024-03-27T10:02:28.803Z] >>> [apiv2][query] GET https://serviceusage.googleapis.com/v1/projects/carly-58c95/services/runtimeconfig.googleapis.com [none]
[debug] [2024-03-27T10:02:28.803Z] >>> [apiv2][(partial)header] GET https://serviceusage.googleapis.com/v1/projects/carly-58c95/services/runtimeconfig.googleapis.com x-goog-quota-user=projects/carly-58c95
[debug] [2024-03-27T10:02:28.804Z] >>> [apiv2][query] GET https://serviceusage.googleapis.com/v1/projects/carly-58c95/services/cloudbuild.googleapis.com [none]
[debug] [2024-03-27T10:02:28.804Z] >>> [apiv2][(partial)header] GET https://serviceusage.googleapis.com/v1/projects/carly-58c95/services/cloudbuild.googleapis.com x-goog-quota-user=projects/carly-58c95
[debug] [2024-03-27T10:02:28.806Z] >>> [apiv2][query] GET https://serviceusage.googleapis.com/v1/projects/carly-58c95/services/artifactregistry.googleapis.com [none]
[debug] [2024-03-27T10:02:28.806Z] >>> [apiv2][(partial)header] GET https://serviceusage.googleapis.com/v1/projects/carly-58c95/services/artifactregistry.googleapis.com x-goog-quota-user=projects/carly-58c95
[debug] [2024-03-27T10:02:29.842Z] <<< [apiv2][status] GET https://serviceusage.googleapis.com/v1/projects/carly-58c95/services/runtimeconfig.googleapis.com 200
[debug] [2024-03-27T10:02:29.842Z] <<< [apiv2][body] GET https://serviceusage.googleapis.com/v1/projects/carly-58c95/services/runtimeconfig.googleapis.com [omitted]
[debug] [2024-03-27T10:02:29.851Z] <<< [apiv2][status] GET https://serviceusage.googleapis.com/v1/projects/carly-58c95/services/cloudfunctions.googleapis.com 200
[debug] [2024-03-27T10:02:29.851Z] <<< [apiv2][body] GET https://serviceusage.googleapis.com/v1/projects/carly-58c95/services/cloudfunctions.googleapis.com [omitted]
[info] +  functions: required API cloudfunctions.googleapis.com is enabled 
[debug] [2024-03-27T10:02:29.852Z] <<< [apiv2][status] GET https://serviceusage.googleapis.com/v1/projects/carly-58c95/services/artifactregistry.googleapis.com 200
[debug] [2024-03-27T10:02:29.852Z] <<< [apiv2][body] GET https://serviceusage.googleapis.com/v1/projects/carly-58c95/services/artifactregistry.googleapis.com [omitted]
[info] +  artifactregistry: required API artifactregistry.googleapis.com is enabled 
[debug] [2024-03-27T10:02:29.884Z] <<< [apiv2][status] GET https://serviceusage.googleapis.com/v1/projects/carly-58c95/services/cloudbuild.googleapis.com 200
[debug] [2024-03-27T10:02:29.884Z] <<< [apiv2][body] GET https://serviceusage.googleapis.com/v1/projects/carly-58c95/services/cloudbuild.googleapis.com [omitted]
[info] +  functions: required API cloudbuild.googleapis.com is enabled 
[debug] [2024-03-27T10:02:29.885Z] >>> [apiv2][query] GET https://firebase.googleapis.com/v1beta1/projects/carly-58c95/adminSdkConfig [none]
[debug] [2024-03-27T10:02:30.309Z] <<< [apiv2][status] GET https://firebase.googleapis.com/v1beta1/projects/carly-58c95/adminSdkConfig 200
[debug] [2024-03-27T10:02:30.309Z] <<< [apiv2][body] GET https://firebase.googleapis.com/v1beta1/projects/carly-58c95/adminSdkConfig {"projectId":"carly-58c95","databaseURL":"https://carly-58c95-default-rtdb.europe-west1.firebasedatabase.app","storageBucket":"carly-58c95.appspot.com"}
[debug] [2024-03-27T10:02:30.309Z] >>> [apiv2][query] GET https://runtimeconfig.googleapis.com/v1beta1/projects/carly-58c95/configs [none]
[debug] [2024-03-27T10:02:30.623Z] <<< [apiv2][status] GET https://runtimeconfig.googleapis.com/v1beta1/projects/carly-58c95/configs 200
[debug] [2024-03-27T10:02:30.623Z] <<< [apiv2][body] GET https://runtimeconfig.googleapis.com/v1beta1/projects/carly-58c95/configs {}
[debug] [2024-03-27T10:02:30.624Z] Validating nodejs source
[debug] [2024-03-27T10:02:32.404Z] > [functions] package.json contents: {
  "name": "functions",
  "description": "Cloud Functions for Firebase",
  "scripts": {
    "serve": "firebase emulators:start --only functions",
    "shell": "firebase functions:shell",
    "start": "npm run shell",
    "deploy": "firebase deploy --only functions",
    "logs": "firebase functions:log",
    "lint": "eslint ."
  },
  "engines": {
    "node": "18"
  },
  "main": "index.js",
  "dependencies": {
    "firebase-admin": "^11.8.0",
    "firebase-functions": "^4.3.1"
  },
  "devDependencies": {
    "firebase-functions-test": "^3.1.0"
  },
  "private": true
}
[debug] [2024-03-27T10:02:32.404Z] Building nodejs source
[info] i  functions: Loading and analyzing source code for codebase default to determine what to deploy 
[debug] [2024-03-27T10:02:32.406Z] Could not find functions.yaml. Must use http discovery
[debug] [2024-03-27T10:02:32.418Z] Found firebase-functions binary at 'C:\Users\admin\Desktop\Angular Projects\carly5\functions\node_modules\.bin\firebase-functions'
[info] Serving at port 8166

[error] (node:968) [MONGODB DRIVER] Warning: useNewUrlParser is a deprecated option: useNewUrlParser has no effect since Node.js Driver version 4.0.0 and will be removed in the next major version
(Use `node --trace-warnings ...` to show where the warning was created)

[error] (node:968) [MONGODB DRIVER] Warning: useUnifiedTopology is a deprecated option: useUnifiedTopology has no effect since Node.js Driver version 4.0.0 and will be removed in the next major version

[error] node:events:496
      throw er; // Unhandled 'error' event
      ^

Error: listen EADDRINUSE: address already in use :::4444
    at Server.setupListenHandle [as _listen2] (node:net:1872:16)
    at listenInCluster (node:net:1920:12)
    at Server.listen (node:net:2008:7)
    at Function.listen (C:\Users\admin\Desktop\Angular Projects\carly5\functions\node_modules\express\lib\application.js:635:24)
    at Object.<anonymous> (C:\Users\admin\Desktop\Angular Projects\carly5\functions\index.js:25:5)
    at Module._compile (node:internal/modules/cjs/loader:1376:14)
    at Module._extensions..js (node:internal/modules/cjs/loader:1435:10)
    at Module.load (node:internal/modules/cjs/loader:1207:32)
    at Module._load (node:internal/modules/cjs/loader:1023:12)
    at Module.require (node:internal/modules/cjs/loader:1235:19)
Emitted 'error' event on Server instance at:
    at emitErrorNT (node:net:1899:8)
    at process.processTicksAndRejections (node:internal/process/task_queues:82:21) {
  code: 'EADDRINUSE',
  errno: -4091,
  syscall: 'listen',
  address: '::',
  port: 4444
}

[error] 
Node.js v20.11.0

[debug] [2024-03-27T10:02:33.645Z] Failed to call quitquitquit. This often means the server failed to start request to http://localhost:8166/__/quitquitquit failed, reason:  {"message":"request to http://localhost:8166/__/quitquitquit failed, reason: ","type":"system","errno":"ECONNREFUSED","code":"ECONNREFUSED"}
[debug] [2024-03-27T10:02:33.787Z] FetchError: request to http://127.0.0.1:8166/__/functions.yaml failed, reason: read ECONNRESET
    at ClientRequest.<anonymous> (C:\Users\admin\AppData\Roaming\npm\node_modules\firebase-tools\node_modules\node-fetch\lib\index.js:1501:11)
    at ClientRequest.emit (node:events:518:28)
    at ClientRequest.emit (node:domain:488:12)
    at Socket.socketErrorListener (node:_http_client:495:9)
    at Socket.emit (node:events:518:28)
    at Socket.emit (node:domain:488:12)
    at emitErrorNT (node:internal/streams/destroy:169:8)
    at emitErrorCloseNT (node:internal/streams/destroy:128:3)
    at process.processTicksAndRejections (node:internal/process/task_queues:82:21)
[error] 
[error] Error: An unexpected error has occurred.
[debug] [2024-03-27T10:11:44.983Z] ----------------------------------------------------------------------
[debug] [2024-03-27T10:11:44.988Z] Command:       C:\Program Files\nodejs\node.exe C:\Users\admin\AppData\Roaming\npm\node_modules\firebase-tools\lib\bin\firebase.js deploy
[debug] [2024-03-27T10:11:44.988Z] CLI Version:   13.5.2
[debug] [2024-03-27T10:11:44.989Z] Platform:      win32
[debug] [2024-03-27T10:11:44.989Z] Node Version:  v20.11.0
[debug] [2024-03-27T10:11:44.989Z] Time:          Wed Mar 27 2024 12:11:44 GMT+0200 (Ora standard a Europei de Est)
[debug] [2024-03-27T10:11:44.989Z] ----------------------------------------------------------------------
[debug] 
[debug] [2024-03-27T10:11:45.113Z] > command requires scopes: ["email","openid","https://www.googleapis.com/auth/cloudplatformprojects.readonly","https://www.googleapis.com/auth/firebase","https://www.googleapis.com/auth/cloud-platform"]
[debug] [2024-03-27T10:11:45.114Z] > authorizing via signed-in user (franciscszasz8@gmail.com)
[debug] [2024-03-27T10:11:45.114Z] [iam] checking project carly-58c95 for permissions ["cloudfunctions.functions.create","cloudfunctions.functions.delete","cloudfunctions.functions.get","cloudfunctions.functions.list","cloudfunctions.functions.update","cloudfunctions.operations.get","firebase.projects.get","firebasehosting.sites.update"]
[debug] [2024-03-27T10:11:45.117Z] >>> [apiv2][query] POST https://cloudresourcemanager.googleapis.com/v1/projects/carly-58c95:testIamPermissions [none]
[debug] [2024-03-27T10:11:45.117Z] >>> [apiv2][(partial)header] POST https://cloudresourcemanager.googleapis.com/v1/projects/carly-58c95:testIamPermissions x-goog-quota-user=projects/carly-58c95
[debug] [2024-03-27T10:11:45.117Z] >>> [apiv2][body] POST https://cloudresourcemanager.googleapis.com/v1/projects/carly-58c95:testIamPermissions {"permissions":["cloudfunctions.functions.create","cloudfunctions.functions.delete","cloudfunctions.functions.get","cloudfunctions.functions.list","cloudfunctions.functions.update","cloudfunctions.operations.get","firebase.projects.get","firebasehosting.sites.update"]}
[debug] [2024-03-27T10:11:46.009Z] <<< [apiv2][status] POST https://cloudresourcemanager.googleapis.com/v1/projects/carly-58c95:testIamPermissions 200
[debug] [2024-03-27T10:11:46.010Z] <<< [apiv2][body] POST https://cloudresourcemanager.googleapis.com/v1/projects/carly-58c95:testIamPermissions {"permissions":["cloudfunctions.functions.create","cloudfunctions.functions.delete","cloudfunctions.functions.get","cloudfunctions.functions.list","cloudfunctions.functions.update","cloudfunctions.operations.get","firebase.projects.get","firebasehosting.sites.update"]}
[debug] [2024-03-27T10:11:46.010Z] >>> [apiv2][query] POST https://iam.googleapis.com/v1/projects/carly-58c95/serviceAccounts/carly-58c95@appspot.gserviceaccount.com:testIamPermissions [none]
[debug] [2024-03-27T10:11:46.010Z] >>> [apiv2][body] POST https://iam.googleapis.com/v1/projects/carly-58c95/serviceAccounts/carly-58c95@appspot.gserviceaccount.com:testIamPermissions {"permissions":["iam.serviceAccounts.actAs"]}
[debug] [2024-03-27T10:11:46.825Z] <<< [apiv2][status] POST https://iam.googleapis.com/v1/projects/carly-58c95/serviceAccounts/carly-58c95@appspot.gserviceaccount.com:testIamPermissions 200
[debug] [2024-03-27T10:11:46.825Z] <<< [apiv2][body] POST https://iam.googleapis.com/v1/projects/carly-58c95/serviceAccounts/carly-58c95@appspot.gserviceaccount.com:testIamPermissions {"permissions":["iam.serviceAccounts.actAs"]}
[debug] [2024-03-27T10:11:46.826Z] >>> [apiv2][query] GET https://firebase.googleapis.com/v1beta1/projects/carly-58c95 [none]
[debug] [2024-03-27T10:11:47.185Z] <<< [apiv2][status] GET https://firebase.googleapis.com/v1beta1/projects/carly-58c95 200
[debug] [2024-03-27T10:11:47.185Z] <<< [apiv2][body] GET https://firebase.googleapis.com/v1beta1/projects/carly-58c95 {"projectId":"carly-58c95","projectNumber":"811853117687","displayName":"Carly","name":"projects/carly-58c95","resources":{"hostingSite":"carly-58c95","realtimeDatabaseInstance":"carly-58c95-default-rtdb"},"state":"ACTIVE","etag":"1_bf931656-356a-4d8d-b29b-a1553e7f8e5c"}
[info] 
[info] === Deploying to 'carly-58c95'...
[info] 
[info] i  deploying functions, hosting 
[info] Running command: npm --prefix "$RESOURCE_DIR" run lint
[info] +  functions: Finished running predeploy script. 
[debug] [2024-03-27T10:11:49.285Z] >>> [apiv2][query] GET https://firebase.googleapis.com/v1beta1/projects/carly-58c95 [none]
[debug] [2024-03-27T10:11:49.738Z] <<< [apiv2][status] GET https://firebase.googleapis.com/v1beta1/projects/carly-58c95 200
[debug] [2024-03-27T10:11:49.738Z] <<< [apiv2][body] GET https://firebase.googleapis.com/v1beta1/projects/carly-58c95 {"projectId":"carly-58c95","projectNumber":"811853117687","displayName":"Carly","name":"projects/carly-58c95","resources":{"hostingSite":"carly-58c95","realtimeDatabaseInstance":"carly-58c95-default-rtdb"},"state":"ACTIVE","etag":"1_bf931656-356a-4d8d-b29b-a1553e7f8e5c"}
[info] i  functions: preparing codebase default for deployment 
[info] i  functions: ensuring required API cloudfunctions.googleapis.com is enabled... 
[info] i  functions: ensuring required API cloudbuild.googleapis.com is enabled... 
[info] i  artifactregistry: ensuring required API artifactregistry.googleapis.com is enabled... 
[debug] [2024-03-27T10:11:49.744Z] >>> [apiv2][query] GET https://serviceusage.googleapis.com/v1/projects/carly-58c95/services/cloudfunctions.googleapis.com [none]
[debug] [2024-03-27T10:11:49.744Z] >>> [apiv2][(partial)header] GET https://serviceusage.googleapis.com/v1/projects/carly-58c95/services/cloudfunctions.googleapis.com x-goog-quota-user=projects/carly-58c95
[debug] [2024-03-27T10:11:49.746Z] >>> [apiv2][query] GET https://serviceusage.googleapis.com/v1/projects/carly-58c95/services/runtimeconfig.googleapis.com [none]
[debug] [2024-03-27T10:11:49.746Z] >>> [apiv2][(partial)header] GET https://serviceusage.googleapis.com/v1/projects/carly-58c95/services/runtimeconfig.googleapis.com x-goog-quota-user=projects/carly-58c95
[debug] [2024-03-27T10:11:49.747Z] >>> [apiv2][query] GET https://serviceusage.googleapis.com/v1/projects/carly-58c95/services/cloudbuild.googleapis.com [none]
[debug] [2024-03-27T10:11:49.747Z] >>> [apiv2][(partial)header] GET https://serviceusage.googleapis.com/v1/projects/carly-58c95/services/cloudbuild.googleapis.com x-goog-quota-user=projects/carly-58c95
[debug] [2024-03-27T10:11:49.748Z] >>> [apiv2][query] GET https://serviceusage.googleapis.com/v1/projects/carly-58c95/services/artifactregistry.googleapis.com [none]
[debug] [2024-03-27T10:11:49.748Z] >>> [apiv2][(partial)header] GET https://serviceusage.googleapis.com/v1/projects/carly-58c95/services/artifactregistry.googleapis.com x-goog-quota-user=projects/carly-58c95
[debug] [2024-03-27T10:11:50.813Z] <<< [apiv2][status] GET https://serviceusage.googleapis.com/v1/projects/carly-58c95/services/runtimeconfig.googleapis.com 200
[debug] [2024-03-27T10:11:50.813Z] <<< [apiv2][body] GET https://serviceusage.googleapis.com/v1/projects/carly-58c95/services/runtimeconfig.googleapis.com [omitted]
[debug] [2024-03-27T10:11:50.814Z] <<< [apiv2][status] GET https://serviceusage.googleapis.com/v1/projects/carly-58c95/services/artifactregistry.googleapis.com 200
[debug] [2024-03-27T10:11:50.814Z] <<< [apiv2][body] GET https://serviceusage.googleapis.com/v1/projects/carly-58c95/services/artifactregistry.googleapis.com [omitted]
[info] +  artifactregistry: required API artifactregistry.googleapis.com is enabled 
[debug] [2024-03-27T10:11:50.832Z] <<< [apiv2][status] GET https://serviceusage.googleapis.com/v1/projects/carly-58c95/services/cloudfunctions.googleapis.com 200
[debug] [2024-03-27T10:11:50.832Z] <<< [apiv2][body] GET https://serviceusage.googleapis.com/v1/projects/carly-58c95/services/cloudfunctions.googleapis.com [omitted]
[info] +  functions: required API cloudfunctions.googleapis.com is enabled 
[debug] [2024-03-27T10:11:50.929Z] <<< [apiv2][status] GET https://serviceusage.googleapis.com/v1/projects/carly-58c95/services/cloudbuild.googleapis.com 200
[debug] [2024-03-27T10:11:50.930Z] <<< [apiv2][body] GET https://serviceusage.googleapis.com/v1/projects/carly-58c95/services/cloudbuild.googleapis.com [omitted]
[info] +  functions: required API cloudbuild.googleapis.com is enabled 
[debug] [2024-03-27T10:11:50.930Z] >>> [apiv2][query] GET https://firebase.googleapis.com/v1beta1/projects/carly-58c95/adminSdkConfig [none]
[debug] [2024-03-27T10:11:51.390Z] <<< [apiv2][status] GET https://firebase.googleapis.com/v1beta1/projects/carly-58c95/adminSdkConfig 200
[debug] [2024-03-27T10:11:51.390Z] <<< [apiv2][body] GET https://firebase.googleapis.com/v1beta1/projects/carly-58c95/adminSdkConfig {"projectId":"carly-58c95","databaseURL":"https://carly-58c95-default-rtdb.europe-west1.firebasedatabase.app","storageBucket":"carly-58c95.appspot.com"}
[debug] [2024-03-27T10:11:51.391Z] >>> [apiv2][query] GET https://runtimeconfig.googleapis.com/v1beta1/projects/carly-58c95/configs [none]
[debug] [2024-03-27T10:11:51.703Z] <<< [apiv2][status] GET https://runtimeconfig.googleapis.com/v1beta1/projects/carly-58c95/configs 200
[debug] [2024-03-27T10:11:51.703Z] <<< [apiv2][body] GET https://runtimeconfig.googleapis.com/v1beta1/projects/carly-58c95/configs {}
[debug] [2024-03-27T10:11:51.705Z] Validating nodejs source
[debug] [2024-03-27T10:11:53.465Z] > [functions] package.json contents: {
  "name": "functions",
  "description": "Cloud Functions for Firebase",
  "scripts": {
    "serve": "firebase emulators:start --only functions",
    "shell": "firebase functions:shell",
    "start": "npm run shell",
    "deploy": "firebase deploy --only functions",
    "logs": "firebase functions:log",
    "lint": "eslint ."
  },
  "engines": {
    "node": "18"
  },
  "main": "index.js",
  "dependencies": {
    "firebase-admin": "^11.8.0",
    "firebase-functions": "^4.3.1"
  },
  "devDependencies": {
    "firebase-functions-test": "^3.1.0"
  },
  "private": true
}
[debug] [2024-03-27T10:11:53.466Z] Building nodejs source
[info] i  functions: Loading and analyzing source code for codebase default to determine what to deploy 
[debug] [2024-03-27T10:11:53.467Z] Could not find functions.yaml. Must use http discovery
[debug] [2024-03-27T10:11:53.477Z] Found firebase-functions binary at 'C:\Users\admin\Desktop\Angular Projects\carly5\functions\node_modules\.bin\firebase-functions'
[info] Serving at port 8372

[error] (node:17620) [MONGODB DRIVER] Warning: useNewUrlParser is a deprecated option: useNewUrlParser has no effect since Node.js Driver version 4.0.0 and will be removed in the next major version
(Use `node --trace-warnings ...` to show where the warning was created)

[error] (node:17620) [MONGODB DRIVER] Warning: useUnifiedTopology is a deprecated option: useUnifiedTopology has no effect since Node.js Driver version 4.0.0 and will be removed in the next major version

[error] node:events:496
      throw er; // Unhandled 'error' event
      ^

Error: listen EADDRINUSE: address already in use :::4444
    at Server.setupListenHandle [as _listen2] (node:net:1872:16)
    at listenInCluster (node:net:1920:12)
    at Server.listen (node:net:2008:7)
    at Function.listen (C:\Users\admin\Desktop\Angular Projects\carly5\functions\node_modules\express\lib\application.js:635:24)
    at Object.<anonymous> (C:\Users\admin\Desktop\Angular Projects\carly5\functions\index.js:25:5)
    at Module._compile (node:internal/modules/cjs/loader:1376:14)
    at Module._extensions..js (node:internal/modules/cjs/loader:1435:10)
    at Module.load (node:internal/modules/cjs/loader:1207:32)
    at Module._load (node:internal/modules/cjs/loader:1023:12)
    at Module.require (node:internal/modules/cjs/loader:1235:19)
Emitted 'error' event on Server instance at:
    at emitErrorNT (node:net:1899:8)
    at process.processTicksAndRejections (node:internal/process/task_queues:82:21) {
  code: 'EADDRINUSE',
  errno: -4091,
  syscall: 'listen',
  address: '::',
  port: 4444
}

[error] 
Node.js v20.11.0

[debug] [2024-03-27T10:11:54.499Z] Failed to call quitquitquit. This often means the server failed to start request to http://localhost:8372/__/quitquitquit failed, reason:  {"message":"request to http://localhost:8372/__/quitquitquit failed, reason: ","type":"system","errno":"ECONNREFUSED","code":"ECONNREFUSED"}
[debug] [2024-03-27T10:11:54.676Z] FetchError: request to http://127.0.0.1:8372/__/functions.yaml failed, reason: read ECONNRESET
    at ClientRequest.<anonymous> (C:\Users\admin\AppData\Roaming\npm\node_modules\firebase-tools\node_modules\node-fetch\lib\index.js:1501:11)
    at ClientRequest.emit (node:events:518:28)
    at ClientRequest.emit (node:domain:488:12)
    at Socket.socketErrorListener (node:_http_client:495:9)
    at Socket.emit (node:events:518:28)
    at Socket.emit (node:domain:488:12)
    at emitErrorNT (node:internal/streams/destroy:169:8)
    at emitErrorCloseNT (node:internal/streams/destroy:128:3)
    at process.processTicksAndRejections (node:internal/process/task_queues:82:21)
[error] 
[error] Error: An unexpected error has occurred.
